<?xml version="1.0" encoding="UTF-8"?>
<testsuite name="com.mussonindustrial.testcontainers.ignition.IgnitionContainerTest" tests="1" skipped="0" failures="0" errors="0" timestamp="2024-08-18T05:31:32" hostname="BENDESKTOP" time="35.661">
  <properties/>
  <testcase name="Start a container." classname="com.mussonindustrial.testcontainers.ignition.IgnitionContainerTest" time="35.661"/>
  <system-out><![CDATA[]]></system-out>
  <system-err><![CDATA[[Test worker] INFO org.testcontainers.images.PullPolicy - Image pull policy will be performed by: DefaultPullPolicy()
[Test worker] INFO org.testcontainers.utility.ImageNameSubstitutor - Image name substitution will be performed by: DefaultImageNameSubstitutor (composite of 'ConfigurationFileImageNameSubstitutor' and 'PrefixingImageNameSubstitutor')
[Test worker] INFO org.testcontainers.DockerClientFactory - Testcontainers version: 1.20.1
[Test worker] INFO org.testcontainers.dockerclient.DockerClientProviderStrategy - Loaded org.testcontainers.dockerclient.NpipeSocketClientProviderStrategy from ~/.testcontainers.properties, will try it first
[Test worker] INFO org.testcontainers.dockerclient.DockerClientProviderStrategy - Found Docker environment with local Npipe socket (npipe:////./pipe/docker_engine)
[Test worker] INFO org.testcontainers.DockerClientFactory - Docker host IP address is localhost
[Test worker] INFO org.testcontainers.DockerClientFactory - Connected to docker: 
  Server Version: 20.10.13
  API Version: 1.41
  Operating System: Docker Desktop
  Total Memory: 102962 MB
[Test worker] INFO tc.testcontainers/ryuk:0.8.1 - Creating container for image: testcontainers/ryuk:0.8.1
[Test worker] INFO org.testcontainers.utility.RegistryAuthLocator - Credential helper/store (docker-credential-desktop) does not have credentials for https://index.docker.io/v1/
[Test worker] INFO tc.testcontainers/ryuk:0.8.1 - Container testcontainers/ryuk:0.8.1 is starting: 66dd4b9f6a4e6305538acdd69ad9af9702a76083c4a776668a89e6c9325d1acf
[Test worker] INFO tc.testcontainers/ryuk:0.8.1 - Container testcontainers/ryuk:0.8.1 started in PT2.1949762S
[Test worker] INFO org.testcontainers.utility.RyukResourceReaper - Ryuk started - will monitor and terminate Testcontainers containers on JVM exit
[Test worker] INFO org.testcontainers.DockerClientFactory - Checking the system...
[Test worker] INFO org.testcontainers.DockerClientFactory - ?? Docker server version should be at least 1.6.0
[Test worker] INFO tc.inductiveautomation/ignition:8.1.33 - Creating container for image: inductiveautomation/ignition:8.1.33
[Test worker] INFO tc.inductiveautomation/ignition:8.1.33 - Container inductiveautomation/ignition:8.1.33 is starting: 450910a4df364f1e5f95161f59e56bf6eb0b559c19e28cefd80eef5b027fd172
[Test worker] INFO tc.inductiveautomation/ignition:8.1.33 - Container inductiveautomation/ignition:8.1.33 started in PT31.7517869S
]]></system-err>
</testsuite>
